node_modules1/@capacitor/camera/android/build/intermediates/manifest_merge_blame_file/release/manifest-merger-blame-release-report.txt
1<?xml version="1.0" encoding="utf-8"?>
2<manifest xmlns:android="http://schemas.android.com/apk/res/android"
3    package="com.capacitorjs.plugins.camera" >
4
5    <uses-sdk
6        android:minSdkVersion="22"
6-->src\main\AndroidManifest.xml
7        android:targetSdkVersion="32" />
7-->src\main\AndroidManifest.xml
8
9    <queries>
9-->src\main\AndroidManifest.xml:3:5-7:15
10        <intent>
10-->src\main\AndroidManifest.xml:4:9-6:18
11            <action android:name="android.media.action.IMAGE_CAPTURE" />
11-->src\main\AndroidManifest.xml:5:13-73
11-->src\main\AndroidManifest.xml:5:21-70
12        </intent>
13    </queries>
14
15</manifest>